0 err_0-sorter.err
0 ----
0 err_0-usercode.err
0 ----
1 err_1-sorter.err
1 ----
1 err_1-usercode.err
1 ----
2 err_2-sorter.err
2 ----
2 err_2-usercode.err
2 ----
3 err_3-sorter.err
3 ----
3 err_3-usercode.err
3 ----
0 err_0-sorter.err
0 ----
0 err_0-usercode.err
0 ----
1 err_1-sorter.err
1 ----
1 err_1-usercode.err
1 ----
2 err_2-sorter.err
2 ----
2 err_2-usercode.err
2 ----
3 err_3-sorter.err
3 ----
3 err_3-usercode.err
3 ----
0 err_0-sorter.err
0 ----
0 err_0-usercode.err
0 ----
1 err_1-sorter.err
1 ----
1 err_1-usercode.err
1 ----
2 err_2-sorter.err
2 ----
2 err_2-usercode.err
2 ----
3 err_3-sorter.err
3 ----
3 err_3-usercode.err
3 ----
